<?xml version="1.0" encoding="UTF-8"?>
<!-- Generated by org.testng.reporters.JUnitReportReporter -->
<testsuite skipped="0" hostname="Mohit-PC" name="com.testng.ClassLevelListners" tests="3" failures="0" timestamp="16 Oct 2018 09:41:05 GMT" time="0.017" errors="0">
  <testcase name="Test3" time="0.002" classname="com.testng.ClassLevelListners"/>
  <testcase name="Test2" time="0.002" classname="com.testng.ClassLevelListners"/>
  <testcase name="Test1" time="0.013" classname="com.testng.ClassLevelListners"/>
</testsuite> <!-- com.testng.ClassLevelListners -->
