<?xml version="1.0" encoding="UTF-8"?>
<!-- Generated by org.testng.reporters.JUnitReportReporter -->
<testsuite skipped="0" hostname="Mohit-PC" name="com.testng.ListnersDemoTests" tests="1" failures="0" timestamp="15 Oct 2018 17:39:41 GMT" time="0.017" errors="0">
  <testcase name="GoogleTitleVerify" time="0.017" classname="com.testng.ListnersDemoTests"/>
</testsuite> <!-- com.testng.ListnersDemoTests -->
