<?xml version="1.0" encoding="UTF-8"?>
<!-- Generated by org.testng.reporters.JUnitReportReporter -->
<testsuite skipped="0" hostname="Mohit-PC" name="com.TestNGAnnotatiosns.VerifyErrorMessage" tests="1" failures="0" timestamp="15 Oct 2018 09:46:52 GMT" time="2.778" errors="0">
  <testcase name="VerifyError" time="2.778" classname="com.TestNGAnnotatiosns.VerifyErrorMessage"/>
</testsuite> <!-- com.TestNGAnnotatiosns.VerifyErrorMessage -->
