<?xml version="1.0" encoding="UTF-8"?>
<!-- Generated by org.testng.reporters.JUnitReportReporter -->
<testsuite skipped="0" hostname="Mohit-PC" name="com.TestNGAnnotatiosns.Parametarization" tests="1" failures="0" timestamp="15 Oct 2018 05:45:18 GMT" time="0.001" errors="0">
  <testcase name="Mohit" time="0.001" classname="com.TestNGAnnotatiosns.Parametarization"/>
</testsuite> <!-- com.TestNGAnnotatiosns.Parametarization -->
