<?xml version="1.0" encoding="UTF-8"?>
<!-- Generated by org.testng.reporters.JUnitReportReporter -->
<testsuite skipped="0" hostname="Mohit-PC" name="com.TestNGAnnotatiosns.Annotation1" tests="2" failures="0" timestamp="15 Oct 2018 05:45:18 GMT" time="0.004" errors="0">
  <testcase name="TestMethod2" time="0.003" classname="com.TestNGAnnotatiosns.Annotation1"/>
  <testcase name="TestMethod1" time="0.001" classname="com.TestNGAnnotatiosns.Annotation1"/>
</testsuite> <!-- com.TestNGAnnotatiosns.Annotation1 -->
