<?xml version="1.0" encoding="UTF-8"?>
<!-- Generated by org.testng.reporters.JUnitReportReporter -->
<testsuite skipped="0" hostname="Mohit-PC" name="com.testng.DependencyOnMethods" tests="5" failures="0" timestamp="15 Oct 2018 06:06:37 GMT" time="0.018" errors="0">
  <testcase name="BuyArticle" time="0.003" classname="com.testng.DependencyOnMethods"/>
  <testcase name="StartApp" time="0.002" classname="com.testng.DependencyOnMethods"/>
  <testcase name="LogOut" time="0.002" classname="com.testng.DependencyOnMethods"/>
  <testcase name="BeforeTest" time="0.007" classname="com.testng.DependencyOnMethods"/>
  <testcase name="HomeScreen" time="0.004" classname="com.testng.DependencyOnMethods"/>
</testsuite> <!-- com.testng.DependencyOnMethods -->
